<?xml version="1.0" encoding="UTF-8"?>
<testsuite xmlns:xsi="http://www.w3.org/2001/XMLSchema-instance" xsi:noNamespaceSchemaLocation="https://maven.apache.org/surefire/maven-surefire-plugin/xsd/surefire-test-report.xsd" name="cucumber.Options.TestRunner" time="3.03" tests="2" errors="0" skipped="0" failures="0">
  <properties>
[...]
</properties>
  <testcase name="Verify if place is getting added  using Add Place API" classname="Validate Google Place API" time="2.421"/>
  <testcase name="Verify whether place id is getting deleted using delete place API" classname="Validate Google Place API" time="0.281"/>
</testsuite>